<?xml version="1.0" encoding="UTF-8"?>
<!-- Generated by org.testng.reporters.JUnitXMLReporter -->
<testsuite ignored="1" hostname="BICYCLE_OF_MIND" failures="0" tests="2" name="Test" time="12.937" errors="0" timestamp="2025-04-27T21:05:32 IST">
  <testcase classname="testCases.HomePageTest" name="verifyHomePage" time="0.158"/>
  <testcase classname="testCases.HomePageTest" name="verifyLogInLink" time="5.183"/>
  <testcase classname="testCases.HomePageTest" name="verifyAccountPage" time="0.0">
    <ignored/>
  </testcase> <!-- verifyAccountPage -->
</testsuite> <!-- Test -->
