<?xml version="1.0" encoding="UTF-8"?>
<!-- Generated by org.testng.reporters.JUnitXMLReporter -->
<testsuite ignored="0" hostname="BICYCLE_OF_MIND" failures="0" tests="3" name="Test" time="64.962" errors="0" timestamp="2025-05-02T00:42:21 IST">
  <testcase classname="testCases.HomePageTest" name="verifyAccountPage" time="45.347"/>
  <testcase classname="testCases.HomePageTest" name="verifyHomePage" time="0.026"/>
  <testcase classname="testCases.HomePageTest" name="verifyLogInLink" time="15.047"/>
</testsuite> <!-- Test -->
