<?xml version="1.0" encoding="UTF-8"?>
<!-- Generated by org.testng.reporters.JUnitXMLReporter -->
<testsuite ignored="0" hostname="BICYCLE_OF_MIND" failures="0" tests="3" name="Test" time="54.927" errors="0" timestamp="2025-04-27T21:43:44 IST">
  <testcase classname="testCases.HomePageTest" name="verifyAccountPage" time="45.238"/>
  <testcase classname="testCases.HomePageTest" name="verifyHomePage" time="0.038"/>
  <testcase classname="testCases.HomePageTest" name="verifyLogInLink" time="5.188"/>
</testsuite> <!-- Test -->
