<?xml version="1.0" encoding="UTF-8"?>
<!-- Generated by org.testng.reporters.JUnitXMLReporter -->
<testsuite ignored="0" hostname="BICYCLE_OF_MIND" failures="0" tests="3" name="Test" time="53.615" errors="0" timestamp="2025-04-27T20:03:53 IST">
  <testcase classname="testCases.HomePageTest" name="verifyAccountPage" time="45.163"/>
  <testcase classname="testCases.HomePageTest" name="verifyHomePage" time="0.011"/>
  <testcase classname="testCases.HomePageTest" name="verifyLogInLink" time="5.117"/>
</testsuite> <!-- Test -->
