<?xml version="1.0" encoding="UTF-8"?>
<testng-results ignored="0" total="2" passed="2" failed="0" skipped="0">
  <reporter-output>
  </reporter-output>
  <suite started-at="2025-04-27T16:24:17 IST" name="Default suite" finished-at="2025-04-27T16:24:35 IST" duration-ms="17735">
    <groups>
    </groups>
    <test started-at="2025-04-27T16:24:17 IST" name="Default test" finished-at="2025-04-27T16:24:35 IST" duration-ms="17735">
      <class name="testCases.HomePageTest">
        <test-method is-config="true" signature="setUp()[pri:0, instance:testCases.HomePageTest@4a003cbe]" started-at="2025-04-27T16:24:17 IST" name="setUp" finished-at="2025-04-27T16:24:29 IST" duration-ms="12045" status="PASS">
          <reporter-output>
          </reporter-output>
        </test-method> <!-- setUp -->
        <test-method signature="verifyHomePage()[pri:0, instance:testCases.HomePageTest@4a003cbe]" started-at="2025-04-27T16:24:29 IST" name="verifyHomePage" finished-at="2025-04-27T16:24:29 IST" duration-ms="44" status="PASS">
          <reporter-output>
          </reporter-output>
        </test-method> <!-- verifyHomePage -->
        <test-method signature="verifyLogInLink()[pri:0, instance:testCases.HomePageTest@4a003cbe]" started-at="2025-04-27T16:24:30 IST" name="verifyLogInLink" finished-at="2025-04-27T16:24:35 IST" duration-ms="5207" status="PASS">
          <reporter-output>
          </reporter-output>
        </test-method> <!-- verifyLogInLink -->
        <test-method is-config="true" signature="tearDown()[pri:0, instance:testCases.HomePageTest@4a003cbe]" started-at="2025-04-27T16:24:35 IST" name="tearDown" finished-at="2025-04-27T16:24:35 IST" duration-ms="371" status="PASS">
          <reporter-output>
          </reporter-output>
        </test-method> <!-- tearDown -->
      </class> <!-- testCases.HomePageTest -->
    </test> <!-- Default test -->
  </suite> <!-- Default suite -->
</testng-results>
